TN:
SF:todo.js
FN:9,(anonymous_0)
FN:14,(anonymous_1)
FN:19,(anonymous_2)
FN:23,(anonymous_3)
FN:27,(anonymous_4)
FN:31,(anonymous_5)
FNF:6
FNH:5
FNDA:54,(anonymous_0)
FNDA:11,(anonymous_1)
FNDA:12,(anonymous_2)
FNDA:1,(anonymous_3)
FNDA:27,(anonymous_4)
FNDA:0,(anonymous_5)
DA:6,1
DA:7,1
DA:10,54
DA:11,54
DA:15,11
DA:16,11
DA:20,12
DA:24,1
DA:28,27
DA:32,0
DA:36,1
LF:11
LH:10
BRDA:15,0,0,6
BRDA:15,0,1,5
BRF:2
BRH:2
end_of_record
TN:
SF:todolist.js
FN:8,(anonymous_0)
FN:13,(anonymous_1)
FN:21,(anonymous_2)
FN:25,(anonymous_3)
FN:29,(anonymous_4)
FN:33,(anonymous_5)
FN:38,(anonymous_6)
FN:42,(anonymous_7)
FN:46,(anonymous_8)
FN:47,(anonymous_9)
FN:50,(anonymous_10)
FN:54,(anonymous_11)
FN:58,(anonymous_12)
FN:63,(anonymous_13)
FN:65,(anonymous_14)
FN:69,(anonymous_15)
FN:70,(anonymous_16)
FN:73,(anonymous_17)
FN:75,(anonymous_18)
FN:84,(anonymous_19)
FN:85,(anonymous_20)
FN:88,(anonymous_21)
FN:89,(anonymous_22)
FN:92,(anonymous_23)
FN:93,(anonymous_24)
FN:96,(anonymous_25)
FN:103,(anonymous_26)
FN:104,(anonymous_27)
FN:107,(anonymous_28)
FN:108,(anonymous_29)
FN:111,(anonymous_30)
FN:115,(anonymous_31)
FNF:32
FNH:23
FNDA:20,(anonymous_0)
FNDA:58,(anonymous_1)
FNDA:2,(anonymous_2)
FNDA:1,(anonymous_3)
FNDA:1,(anonymous_4)
FNDA:8,(anonymous_5)
FNDA:4,(anonymous_6)
FNDA:1,(anonymous_7)
FNDA:2,(anonymous_8)
FNDA:4,(anonymous_9)
FNDA:1,(anonymous_10)
FNDA:1,(anonymous_11)
FNDA:2,(anonymous_12)
FNDA:5,(anonymous_13)
FNDA:11,(anonymous_14)
FNDA:4,(anonymous_15)
FNDA:12,(anonymous_16)
FNDA:1,(anonymous_17)
FNDA:3,(anonymous_18)
FNDA:0,(anonymous_19)
FNDA:0,(anonymous_20)
FNDA:0,(anonymous_21)
FNDA:0,(anonymous_22)
FNDA:0,(anonymous_23)
FNDA:0,(anonymous_24)
FNDA:0,(anonymous_25)
FNDA:2,(anonymous_26)
FNDA:6,(anonymous_27)
FNDA:0,(anonymous_28)
FNDA:0,(anonymous_29)
FNDA:5,(anonymous_30)
FNDA:10,(anonymous_31)
DA:5,1
DA:9,20
DA:10,20
DA:14,58
DA:15,2
DA:18,56
DA:22,2
DA:26,1
DA:30,1
DA:34,8
DA:35,5
DA:39,4
DA:43,1
DA:47,4
DA:51,1
DA:55,1
DA:59,2
DA:60,1
DA:64,5
DA:65,11
DA:66,5
DA:70,12
DA:74,1
DA:75,1
DA:76,3
DA:77,1
DA:81,1
DA:85,0
DA:89,0
DA:93,0
DA:97,0
DA:98,0
DA:99,0
DA:104,6
DA:108,0
DA:112,5
DA:116,10
DA:117,4
DA:122,1
LF:39
LH:32
BRDA:14,0,0,2
BRDA:14,0,1,56
BRDA:76,1,0,1
BRDA:76,1,1,2
BRDA:98,2,0,0
BRDA:98,2,1,0
BRDA:116,3,0,4
BRDA:116,3,1,6
BRF:8
BRH:6
end_of_record
